Arguments: 
  C:\Program Files\nodejs\node.exe C:\Users\The Tran\AppData\Roaming\npm\node_modules\yarn\bin\yarn.js add express body-parse mongoose@4.10.8 --save

PATH: 
  C:\WINDOWS\system32;C:\WINDOWS;C:\WINDOWS\System32\Wbem;C:\WINDOWS\System32\WindowsPowerShell\v1.0\;C:\WINDOWS\System32\OpenSSH\;C:\Program Files\Git\cmd;C:\Program Files (x86)\Bitvise SSH Client;C:\Go\bin;C:\Users\The Tran\Desktop\go-ipfs_v0.4.17_windows-amd64\go-ipfs;C:\Program Files\nodejs\;C:\Program Files\Microsoft VS Code\bin;C:\Users\The Tran\AppData\Local\Microsoft\WindowsApps;C:\Users\The Tran\go\bin;C:\Users\The Tran\AppData\Roaming\npm

Yarn version: 
  1.9.4

Node version: 
  8.11.4

Platform: 
  win32 x64

Trace: 
  Error: https://registry.yarnpkg.com/body-parse: Not found
      at Request.params.callback [as _callback] (C:\Users\The Tran\AppData\Roaming\npm\node_modules\yarn\lib\cli.js:64202:18)
      at Request.self.callback (C:\Users\The Tran\AppData\Roaming\npm\node_modules\yarn\lib\cli.js:137468:22)
      at emitTwo (events.js:126:13)
      at Request.emit (events.js:214:7)
      at Request.<anonymous> (C:\Users\The Tran\AppData\Roaming\npm\node_modules\yarn\lib\cli.js:138440:10)
      at emitOne (events.js:116:13)
      at Request.emit (events.js:211:7)
      at IncomingMessage.<anonymous> (C:\Users\The Tran\AppData\Roaming\npm\node_modules\yarn\lib\cli.js:138362:12)
      at Object.onceWrapper (events.js:313:30)
      at emitNone (events.js:111:20)

npm manifest: 
  {
    "name": "books",
    "version": "1.0.0",
    "description": "This is Book Project",
    "main": "index.js",
    "scripts": {
      "test": "echo \"Error: no test specified\" && exit 1"
    },
    "author": "",
    "license": "ISC"
  }

yarn manifest: 
  No manifest

Lockfile: 
  No lockfile
